<?xml version="1.0" encoding="UTF-8"?>
<testsuite name="PasswordCheckerTest" tests="1" skipped="0" failures="0" errors="0" timestamp="2020-01-17T12:02:54" hostname="Quaver" time="0.416">
  <properties/>
  <testcase name="passwordIsValid()" classname="PasswordCheckerTest" time="0.416"/>
  <system-out><![CDATA[14:02:55.203 [Test worker] ERROR PasswordChecker - your password is valid
14:02:55.208 [Test worker] ERROR PasswordChecker - your password is valid
]]></system-out>
  <system-err><![CDATA[ERROR StatusLogger No Log4j 2 configuration file found. Using default configuration (logging only errors to the console), or user programmatically provided configurations. Set system property 'log4j2.debug' to show Log4j 2 internal initialization logging. See https://logging.apache.org/log4j/2.x/manual/configuration.html for instructions on how to configure Log4j 2
]]></system-err>
</testsuite>
